{
  "RSpec": {
    "coverage": {
      "/Users/lucascolwell/turing/1module/projects/enigma/spec/enigma_spec.rb": {
        "lines": [
          1,
          1,
          null,
          1,
          1,
          1,
          6,
          null,
          null,
          1,
          1,
          null,
          null,
          1,
          1,
          null,
          null,
          1,
          1,
          null,
          null,
          1,
          1,
          null,
          1,
          1,
          null,
          null,
          1,
          1,
          null,
          1,
          null,
          null,
          1,
          1,
          null,
          1,
          1,
          1,
          null,
          null,
          null
        ]
      },
      "/Users/lucascolwell/turing/1module/projects/enigma/lib/enigma.rb": {
        "lines": [
          1,
          1,
          1,
          null,
          1,
          1,
          null,
          null,
          1,
          6,
          6,
          6,
          null,
          null,
          1,
          4,
          4,
          20,
          4,
          4,
          null,
          null,
          1,
          2,
          2,
          10,
          2,
          2,
          null,
          null,
          1,
          6,
          6,
          67,
          1,
          null,
          66,
          44,
          44,
          44,
          null,
          22,
          22,
          22,
          null,
          66,
          null,
          null,
          6,
          null,
          null
        ]
      },
      "/Users/lucascolwell/turing/1module/projects/enigma/lib/generator.rb": {
        "lines": [
          1,
          null,
          1,
          10,
          10,
          10,
          10,
          10,
          10,
          null,
          null,
          1,
          8,
          40,
          8,
          null,
          null,
          1,
          8,
          8,
          40,
          8,
          null,
          null,
          1,
          7,
          7,
          35,
          null,
          null,
          null,
          null,
          null,
          null,
          null,
          null,
          null,
          null,
          null,
          null,
          null,
          null,
          null,
          null,
          null,
          null,
          null,
          null,
          null,
          null,
          null
        ]
      },
      "/Users/lucascolwell/turing/1module/projects/enigma/lib/key_generator.rb": {
        "lines": [
          1,
          1,
          20,
          null,
          null
        ]
      },
      "/Users/lucascolwell/turing/1module/projects/enigma/spec/generator_spec.rb": {
        "lines": [
          1,
          1,
          null,
          1,
          1,
          4,
          4,
          4,
          null,
          null,
          1,
          1,
          null,
          null,
          1,
          1,
          null,
          null,
          1,
          1,
          null,
          null,
          1,
          1,
          null,
          null
        ]
      },
      "/Users/lucascolwell/turing/1module/projects/enigma/spec/key_generator_spec.rb": {
        "lines": [
          1,
          1,
          null,
          1,
          1,
          2,
          null,
          null,
          1,
          1,
          null,
          null,
          1,
          1,
          1,
          1,
          null,
          null
        ]
      }
    },
    "timestamp": 1655318879
  }
}
